{"C:\\Users\\nikki\\OneDrive\\Desktop\\React Series\\Food-Delivery-App\\src\\components\\Contact.js": {"path":"C:\\Users\\nikki\\OneDrive\\Desktop\\React Series\\Food-Delivery-App\\src\\components\\Contact.js","statementMap":{"0":{"start":{"line":3,"column":16},"end":{"line":24,"column":1}},"1":{"start":{"line":4,"column":2},"end":{"line":23,"column":4}}},"fnMap":{"0":{"name":"(anonymous_0)","decl":{"start":{"line":3,"column":16},"end":{"line":3,"column":17}},"loc":{"start":{"line":3,"column":22},"end":{"line":24,"column":1}},"line":3}},"branchMap":{},"s":{"0":1,"1":1},"f":{"0":1},"b":{},"_coverageSchema":"1a1c01bbd47fc00a2c39e90264f33305004495a9","hash":"8f6a060e550b2804c8a2ab11ea5a277b851fc7d7"}
,"C:\\Users\\nikki\\OneDrive\\Desktop\\React Series\\Food-Delivery-App\\src\\components\\Header.js": {"path":"C:\\Users\\nikki\\OneDrive\\Desktop\\React Series\\Food-Delivery-App\\src\\components\\Header.js","statementMap":{"0":{"start":{"line":7,"column":36},"end":{"line":7,"column":53}},"1":{"start":{"line":9,"column":17},"end":{"line":9,"column":28}},"2":{"start":{"line":11,"column":20},"end":{"line":11,"column":60}},"3":{"start":{"line":11,"column":43},"end":{"line":11,"column":59}},"4":{"start":{"line":12,"column":2},"end":{"line":12,"column":25}},"5":{"start":{"line":14,"column":2},"end":{"line":52,"column":4}},"6":{"start":{"line":38,"column":14},"end":{"line":40,"column":39}}},"fnMap":{"0":{"name":"Header","decl":{"start":{"line":6,"column":9},"end":{"line":6,"column":15}},"loc":{"start":{"line":6,"column":18},"end":{"line":53,"column":1}},"line":6},"1":{"name":"(anonymous_1)","decl":{"start":{"line":11,"column":32},"end":{"line":11,"column":33}},"loc":{"start":{"line":11,"column":43},"end":{"line":11,"column":59}},"line":11},"2":{"name":"(anonymous_2)","decl":{"start":{"line":37,"column":21},"end":{"line":37,"column":22}},"loc":{"start":{"line":38,"column":14},"end":{"line":40,"column":39}},"line":38}},"branchMap":{"0":{"loc":{"start":{"line":38,"column":14},"end":{"line":40,"column":39}},"type":"cond-expr","locations":[{"start":{"line":39,"column":18},"end":{"line":39,"column":40}},{"start":{"line":40,"column":18},"end":{"line":40,"column":39}}],"line":38},"1":{"loc":{"start":{"line":47,"column":13},"end":{"line":47,"column":77}},"type":"cond-expr","locations":[{"start":{"line":47,"column":22},"end":{"line":47,"column":35}},{"start":{"line":47,"column":38},"end":{"line":47,"column":77}}],"line":47}},"s":{"0":4,"1":4,"2":4,"3":7,"4":4,"5":4,"6":1},"f":{"0":4,"1":7,"2":1},"b":{"0":[1,0],"1":[4,0]},"_coverageSchema":"1a1c01bbd47fc00a2c39e90264f33305004495a9","hash":"0fba1ab40e629ee76b11515edba8e11780566634"}
,"C:\\Users\\nikki\\OneDrive\\Desktop\\React Series\\Food-Delivery-App\\src\\components\\RestaurantCard.js": {"path":"C:\\Users\\nikki\\OneDrive\\Desktop\\React Series\\Food-Delivery-App\\src\\components\\RestaurantCard.js","statementMap":{"0":{"start":{"line":4,"column":2},"end":{"line":4,"column":20}},"1":{"start":{"line":6,"column":4},"end":{"line":6,"column":8}},"2":{"start":{"line":8,"column":2},"end":{"line":25,"column":4}}},"fnMap":{"0":{"name":"RestaurantCard","decl":{"start":{"line":3,"column":9},"end":{"line":3,"column":23}},"loc":{"start":{"line":3,"column":34},"end":{"line":26,"column":1}},"line":3}},"branchMap":{},"s":{"0":1,"1":1,"2":1},"f":{"0":1},"b":{},"_coverageSchema":"1a1c01bbd47fc00a2c39e90264f33305004495a9","hash":"654167f84400dd4df66ae9275a2b296dbbdbc0f2"}
,"C:\\Users\\nikki\\OneDrive\\Desktop\\React Series\\Food-Delivery-App\\src\\components\\sum.js": {"path":"C:\\Users\\nikki\\OneDrive\\Desktop\\React Series\\Food-Delivery-App\\src\\components\\sum.js","statementMap":{"0":{"start":{"line":3,"column":12},"end":{"line":5,"column":1}},"1":{"start":{"line":4,"column":2},"end":{"line":4,"column":15}}},"fnMap":{"0":{"name":"(anonymous_0)","decl":{"start":{"line":3,"column":12},"end":{"line":3,"column":13}},"loc":{"start":{"line":3,"column":22},"end":{"line":5,"column":1}},"line":3}},"branchMap":{},"s":{"0":1,"1":1},"f":{"0":1},"b":{},"_coverageSchema":"1a1c01bbd47fc00a2c39e90264f33305004495a9","hash":"c08540918c82a4309e62fc95a48c296f7ec9b536"}
,"C:\\Users\\nikki\\OneDrive\\Desktop\\React Series\\Food-Delivery-App\\src\\utils\\appStore.js": {"path":"C:\\Users\\nikki\\OneDrive\\Desktop\\React Series\\Food-Delivery-App\\src\\utils\\appStore.js","statementMap":{"0":{"start":{"line":4,"column":17},"end":{"line":8,"column":2}}},"fnMap":{},"branchMap":{},"s":{"0":1},"f":{},"b":{},"_coverageSchema":"1a1c01bbd47fc00a2c39e90264f33305004495a9","hash":"069eb35ff418821d83ca7b315123dd507d7d6885"}
,"C:\\Users\\nikki\\OneDrive\\Desktop\\React Series\\Food-Delivery-App\\src\\utils\\cartSlice.js": {"path":"C:\\Users\\nikki\\OneDrive\\Desktop\\React Series\\Food-Delivery-App\\src\\utils\\cartSlice.js","statementMap":{"0":{"start":{"line":3,"column":18},"end":{"line":19,"column":2}},"1":{"start":{"line":10,"column":6},"end":{"line":10,"column":39}},"2":{"start":{"line":13,"column":6},"end":{"line":13,"column":24}},"3":{"start":{"line":16,"column":6},"end":{"line":16,"column":29}},"4":{"start":{"line":21,"column":53},"end":{"line":21,"column":70}}},"fnMap":{"0":{"name":"(anonymous_0)","decl":{"start":{"line":9,"column":14},"end":{"line":9,"column":15}},"loc":{"start":{"line":9,"column":33},"end":{"line":11,"column":5}},"line":9},"1":{"name":"(anonymous_1)","decl":{"start":{"line":12,"column":16},"end":{"line":12,"column":17}},"loc":{"start":{"line":12,"column":27},"end":{"line":14,"column":5}},"line":12},"2":{"name":"(anonymous_2)","decl":{"start":{"line":15,"column":17},"end":{"line":15,"column":18}},"loc":{"start":{"line":15,"column":28},"end":{"line":17,"column":5}},"line":15}},"branchMap":{},"s":{"0":1,"1":0,"2":0,"3":0,"4":1},"f":{"0":0,"1":0,"2":0},"b":{},"_coverageSchema":"1a1c01bbd47fc00a2c39e90264f33305004495a9","hash":"726c96751f880f5b682854a0a9ad6066650b6c31"}
,"C:\\Users\\nikki\\OneDrive\\Desktop\\React Series\\Food-Delivery-App\\src\\utils\\useOnline.js": {"path":"C:\\Users\\nikki\\OneDrive\\Desktop\\React Series\\Food-Delivery-App\\src\\utils\\useOnline.js","statementMap":{"0":{"start":{"line":3,"column":18},"end":{"line":13,"column":1}},"1":{"start":{"line":4,"column":30},"end":{"line":4,"column":44}},"2":{"start":{"line":6,"column":2},"end":{"line":8,"column":5}},"3":{"start":{"line":7,"column":4},"end":{"line":7,"column":20}},"4":{"start":{"line":9,"column":2},"end":{"line":11,"column":5}},"5":{"start":{"line":10,"column":4},"end":{"line":10,"column":21}},"6":{"start":{"line":12,"column":2},"end":{"line":12,"column":16}}},"fnMap":{"0":{"name":"(anonymous_0)","decl":{"start":{"line":3,"column":18},"end":{"line":3,"column":19}},"loc":{"start":{"line":3,"column":24},"end":{"line":13,"column":1}},"line":3},"1":{"name":"(anonymous_1)","decl":{"start":{"line":6,"column":36},"end":{"line":6,"column":37}},"loc":{"start":{"line":6,"column":42},"end":{"line":8,"column":3}},"line":6},"2":{"name":"(anonymous_2)","decl":{"start":{"line":9,"column":37},"end":{"line":9,"column":38}},"loc":{"start":{"line":9,"column":43},"end":{"line":11,"column":3}},"line":9}},"branchMap":{},"s":{"0":1,"1":4,"2":4,"3":0,"4":4,"5":0,"6":4},"f":{"0":4,"1":0,"2":0},"b":{},"_coverageSchema":"1a1c01bbd47fc00a2c39e90264f33305004495a9","hash":"a043620b10809f6ab7e432daa77493d24a0fbc4e"}
}
